<?xml version="1.0" encoding="UTF-8"?>
<!-- Generated by org.testng.reporters.JUnitReportReporter -->
<testsuite hostname="DESKTOP-265E00S" failures="0" tests="1" name="Test.ZerodhaForgotPasswordTest" time="16.378" errors="0" timestamp="2022-06-13T21:40:46 IST" skipped="0">
  <testcase classname="Test.ZerodhaForgotPasswordTest" name="clickOnForgotPasswordTest" time="16.378"/>
  <system-out/>
</testsuite> <!-- Test.ZerodhaForgotPasswordTest -->
