<?xml version="1.0" encoding="UTF-8"?>
<!-- Generated by org.testng.reporters.JUnitReportReporter -->
<testsuite hostname="DESKTOP-265E00S" failures="0" tests="1" name="Test.ZerodhaSignUpPageTest" time="11.666" errors="0" timestamp="2022-06-13T21:20:27 IST" skipped="0">
  <testcase classname="Test.ZerodhaSignUpPageTest" name="clickOnSignUpTest" time="11.666"/>
  <system-out/>
</testsuite> <!-- Test.ZerodhaSignUpPageTest -->
