<?xml version="1.0" encoding="UTF-8"?>
<!-- Generated by org.testng.reporters.JUnitReportReporter -->
<testsuite hostname="DESKTOP-265E00S" failures="0" tests="1" name="Test.ZerodhaPinPageTest" time="20.674" errors="0" timestamp="2022-06-24T14:58:33 IST" skipped="0">
  <testcase classname="Test.ZerodhaPinPageTest" name="ZerodhaLoginWithPinTest" time="20.674"/>
  <system-out/>
</testsuite> <!-- Test.ZerodhaPinPageTest -->
