<?xml version="1.0" encoding="UTF-8"?>
<!-- Generated by org.testng.reporters.JUnitReportReporter -->
<testsuite hostname="DESKTOP-265E00S" failures="0" tests="1" name="Test.ZerodhaHomePageTest" time="51.146" errors="0" timestamp="2022-06-13T21:40:46 IST" skipped="0">
  <testcase classname="Test.ZerodhaHomePageTest" name="ZerodhaLoginWithPinTest" time="51.146"/>
  <system-out/>
</testsuite> <!-- Test.ZerodhaHomePageTest -->
